<?xml version="1.0" encoding="UTF-8"?>
<!-- Generated by org.testng.reporters.JUnitXMLReporter -->
<testsuite ignored="0" hostname="DESKTOP-CLES7L2" failures="1" tests="2" name="Test" time="15.621" errors="0" timestamp="2023-01-02T17:03:56 IST">
  <testcase classname="TestCases.LoginTstCases" name="Login" time="0.721">
    <failure type="java.lang.AssertionError" message="The following asserts failed:
	expected [Please check your username password. If you still can&amp;apos;t log in, contact your Salesforce administrator] but found [Please check your username and password. If you still can&amp;apos;t log in, contact your Salesforce administrator.]">
      <![CDATA[java.lang.AssertionError: The following asserts failed:
expected [Please check your username password. If you still can't log in, contact your Salesforce administrator] but found [Please check your username and password. If you still can't log in, contact your Salesforce administrator.]
at TestCases.LoginTstCases.Login(LoginTstCases.java:34)
at java.base/java.util.ArrayList.forEach(ArrayList.java:1511)
... Removed 29 stack frames]]>
    </failure>
  </testcase> <!-- Login -->
  <testcase classname="TestCases.SignupTstcases" name="Verifyfree" time="6.82"/>
</testsuite> <!-- Test -->
