<?xml version="1.0" encoding="UTF-8"?>
<testng-results ignored="0" total="1" passed="1" failed="0" skipped="0">
  <reporter-output>
  </reporter-output>
  <suite started-at="2022-12-30T17:13:11 IST" name="Default suite" finished-at="2022-12-30T17:13:22 IST" duration-ms="11259">
    <groups>
    </groups>
    <test started-at="2022-12-30T17:13:11 IST" name="Default test" finished-at="2022-12-30T17:13:22 IST" duration-ms="11259">
      <class name="TestCases.SignupTstcases">
        <test-method signature="Verifyfree()[pri:0, instance:TestCases.SignupTstcases@72f926e6]" started-at="2022-12-30T17:13:11 IST" name="Verifyfree" finished-at="2022-12-30T17:13:22 IST" duration-ms="11211" status="PASS">
          <reporter-output>
          </reporter-output>
        </test-method> <!-- Verifyfree -->
      </class> <!-- TestCases.SignupTstcases -->
    </test> <!-- Default test -->
  </suite> <!-- Default suite -->
</testng-results>
